2018-11-08 00:08:26.846  INFO 47634 --- [           main] trationDelegate$BeanPostProcessorChecker : Bean 'configurationPropertiesRebinderAutoConfiguration' of type [org.springframework.cloud.autoconfigure.ConfigurationPropertiesRebinderAutoConfiguration$$EnhancerBySpringCGLIB$$468450b1] is not eligible for getting processed by all BeanPostProcessors (for example: not eligible for auto-proxying)

  .   ____          _            __ _ _
 /\\ / ___'_ __ _ _(_)_ __  __ _ \ \ \ \
( ( )\___ | '_ | '_| | '_ \/ _` | \ \ \ \
 \\/  ___)| |_)| | | | | || (_| |  ) ) ) )
  '  |____| .__|_| |_|_| |_\__, | / / / /
 =========|_|==============|___/=/_/_/_/
 :: Spring Boot ::        (v2.1.0.RELEASE)

2018-11-08 00:08:27.373  INFO 47634 --- [           main] c.j.f.worker.CrawlerWorkerApplication    : No active profile set, falling back to default profiles: default
2018-11-08 00:08:29.088  INFO 47634 --- [           main] .s.d.r.c.RepositoryConfigurationDelegate : Bootstrapping Spring Data repositories in DEFAULT mode.
2018-11-08 00:08:29.256  INFO 47634 --- [           main] .s.d.r.c.RepositoryConfigurationDelegate : Finished Spring Data repository scanning in 153ms. Found 1 repository interfaces.
2018-11-08 00:08:29.453  WARN 47634 --- [           main] o.s.boot.actuate.endpoint.EndpointId     : Endpoint ID 'service-registry' contains invalid characters, please migrate to a valid format.
2018-11-08 00:08:29.470  WARN 47634 --- [           main] o.s.boot.actuate.endpoint.EndpointId     : Endpoint ID 'hystrix.stream' contains invalid characters, please migrate to a valid format.
2018-11-08 00:08:30.004  INFO 47634 --- [           main] o.s.cloud.context.scope.GenericScope     : BeanFactory id=405a12c9-3ed8-3665-8e99-e575add666e5
2018-11-08 00:08:30.849  INFO 47634 --- [           main] trationDelegate$BeanPostProcessorChecker : Bean 'org.springframework.cloud.autoconfigure.ConfigurationPropertiesRebinderAutoConfiguration' of type [org.springframework.cloud.autoconfigure.ConfigurationPropertiesRebinderAutoConfiguration$$EnhancerBySpringCGLIB$$468450b1] is not eligible for getting processed by all BeanPostProcessors (for example: not eligible for auto-proxying)
2018-11-08 00:08:31.451  INFO 47634 --- [           main] o.s.b.w.embedded.tomcat.TomcatWebServer  : Tomcat initialized with port(s): 8084 (http)
2018-11-08 00:08:31.498  INFO 47634 --- [           main] o.apache.catalina.core.StandardService   : Starting service [Tomcat]
2018-11-08 00:08:31.499  INFO 47634 --- [           main] org.apache.catalina.core.StandardEngine  : Starting Servlet Engine: Apache Tomcat/9.0.12
2018-11-08 00:08:31.522  INFO 47634 --- [           main] o.a.catalina.core.AprLifecycleListener   : The APR based Apache Tomcat Native library which allows optimal performance in production environments was not found on the java.library.path: [/Users/jerxie/Library/Java/Extensions:/Library/Java/Extensions:/Network/Library/Java/Extensions:/System/Library/Java/Extensions:/usr/lib/java:.]
2018-11-08 00:08:31.664  INFO 47634 --- [           main] o.a.c.c.C.[Tomcat].[localhost].[/]       : Initializing Spring embedded WebApplicationContext
2018-11-08 00:08:31.665  INFO 47634 --- [           main] o.s.web.context.ContextLoader            : Root WebApplicationContext: initialization completed in 4201 ms
2018-11-08 00:08:31.913  WARN 47634 --- [           main] c.n.c.sources.URLConfigurationSource     : No URLs will be polled as dynamic configuration sources.
2018-11-08 00:08:31.913  INFO 47634 --- [           main] c.n.c.sources.URLConfigurationSource     : To enable URLs as dynamic configuration sources, define System property archaius.configurationSource.additionalUrls or make config.properties available on classpath.
2018-11-08 00:08:31.947  INFO 47634 --- [           main] c.netflix.config.DynamicPropertyFactory  : DynamicPropertyFactory is initialized with configuration sources: com.netflix.config.ConcurrentCompositeConfiguration@4f0100a7
2018-11-08 00:08:32.831  INFO 47634 --- [           main] org.mongodb.driver.cluster               : Cluster created with settings {hosts=[localhost:27017], mode=MULTIPLE, requiredClusterType=UNKNOWN, serverSelectionTimeout='30000 ms', maxWaitQueueSize=500}
2018-11-08 00:08:32.832  INFO 47634 --- [           main] org.mongodb.driver.cluster               : Adding discovered server localhost:27017 to client view of cluster
2018-11-08 00:08:33.201  INFO 47634 --- [localhost:27017] org.mongodb.driver.connection            : Opened connection [connectionId{localValue:1, serverValue:173}] to localhost:27017
2018-11-08 00:08:33.212  INFO 47634 --- [localhost:27017] org.mongodb.driver.cluster               : Monitor thread successfully connected to server with description ServerDescription{address=localhost:27017, type=STANDALONE, state=CONNECTED, ok=true, version=ServerVersion{versionList=[4, 1, 4]}, minWireVersion=0, maxWireVersion=8, maxDocumentSize=16777216, logicalSessionTimeoutMinutes=30, roundTripTimeNanos=7819435}
2018-11-08 00:08:33.215  INFO 47634 --- [localhost:27017] org.mongodb.driver.cluster               : Discovered cluster type of STANDALONE
2018-11-08 00:08:34.885  INFO 47634 --- [           main] o.s.b.w.servlet.FilterRegistrationBean   : Mapping filter: 'characterEncodingFilter' to: [/*]
2018-11-08 00:08:34.886  INFO 47634 --- [           main] o.s.b.w.servlet.FilterRegistrationBean   : Mapping filter: 'webMvcMetricsFilter' to: [/*]
2018-11-08 00:08:34.886  INFO 47634 --- [           main] o.s.b.w.servlet.FilterRegistrationBean   : Mapping filter: 'hiddenHttpMethodFilter' to: [/*]
2018-11-08 00:08:34.886  INFO 47634 --- [           main] o.s.b.w.servlet.FilterRegistrationBean   : Mapping filter: 'formContentFilter' to: [/*]
2018-11-08 00:08:34.887  INFO 47634 --- [           main] o.s.b.w.servlet.FilterRegistrationBean   : Mapping filter: 'requestContextFilter' to: [/*]
2018-11-08 00:08:34.887  INFO 47634 --- [           main] o.s.b.w.servlet.FilterRegistrationBean   : Mapping filter: 'httpTraceFilter' to: [/*]
2018-11-08 00:08:34.887  INFO 47634 --- [           main] o.s.b.w.servlet.ServletRegistrationBean  : Servlet dispatcherServlet mapped to [/]
2018-11-08 00:08:35.645  INFO 47634 --- [           main] o.s.s.concurrent.ThreadPoolTaskExecutor  : Initializing ExecutorService 'getThreadPoolTaskExecutor'
2018-11-08 00:08:35.692  WARN 47634 --- [           main] c.n.c.sources.URLConfigurationSource     : No URLs will be polled as dynamic configuration sources.
2018-11-08 00:08:35.692  INFO 47634 --- [           main] c.n.c.sources.URLConfigurationSource     : To enable URLs as dynamic configuration sources, define System property archaius.configurationSource.additionalUrls or make config.properties available on classpath.
2018-11-08 00:08:37.102  INFO 47634 --- [           main] o.s.b.a.e.web.EndpointLinksResolver      : Exposing 2 endpoint(s) beneath base path '/actuator'
2018-11-08 00:08:37.239  INFO 47634 --- [           main] o.s.c.n.eureka.InstanceInfoFactory       : Setting initial instance status as: STARTING
2018-11-08 00:08:37.306  INFO 47634 --- [           main] com.netflix.discovery.DiscoveryClient    : Initializing Eureka in region us-east-1
2018-11-08 00:08:37.413  INFO 47634 --- [           main] c.n.d.provider.DiscoveryJerseyProvider   : Using JSON encoding codec LegacyJacksonJson
2018-11-08 00:08:37.414  INFO 47634 --- [           main] c.n.d.provider.DiscoveryJerseyProvider   : Using JSON decoding codec LegacyJacksonJson
2018-11-08 00:08:37.608  INFO 47634 --- [           main] c.n.d.provider.DiscoveryJerseyProvider   : Using XML encoding codec XStreamXml
2018-11-08 00:08:37.608  INFO 47634 --- [           main] c.n.d.provider.DiscoveryJerseyProvider   : Using XML decoding codec XStreamXml
2018-11-08 00:08:38.033  INFO 47634 --- [           main] c.n.d.s.r.aws.ConfigClusterResolver      : Resolving eureka endpoints via configuration
2018-11-08 00:08:38.066  INFO 47634 --- [           main] com.netflix.discovery.DiscoveryClient    : Disable delta property : false
2018-11-08 00:08:38.067  INFO 47634 --- [           main] com.netflix.discovery.DiscoveryClient    : Single vip registry refresh property : null
2018-11-08 00:08:38.067  INFO 47634 --- [           main] com.netflix.discovery.DiscoveryClient    : Force full registry fetch : false
2018-11-08 00:08:38.067  INFO 47634 --- [           main] com.netflix.discovery.DiscoveryClient    : Application is null : false
2018-11-08 00:08:38.067  INFO 47634 --- [           main] com.netflix.discovery.DiscoveryClient    : Registered Applications size is zero : true
2018-11-08 00:08:38.067  INFO 47634 --- [           main] com.netflix.discovery.DiscoveryClient    : Application version is -1: true
2018-11-08 00:08:38.067  INFO 47634 --- [           main] com.netflix.discovery.DiscoveryClient    : Getting all instance registry info from the eureka server
2018-11-08 00:08:38.236  INFO 47634 --- [           main] com.netflix.discovery.DiscoveryClient    : The response status is 200
2018-11-08 00:08:38.238  INFO 47634 --- [           main] com.netflix.discovery.DiscoveryClient    : Not registering with Eureka server per configuration
2018-11-08 00:08:38.244  INFO 47634 --- [           main] com.netflix.discovery.DiscoveryClient    : Discovery Client initialized at timestamp 1541664518242 with initial instances count: 0
2018-11-08 00:08:38.248  INFO 47634 --- [           main] o.s.c.n.e.s.EurekaServiceRegistry        : Registering application CRAWLER-WORKER with eureka with status UP
2018-11-08 00:08:38.302  INFO 47634 --- [           main] o.s.b.w.embedded.tomcat.TomcatWebServer  : Tomcat started on port(s): 8084 (http) with context path ''
2018-11-08 00:08:38.305  INFO 47634 --- [           main] c.j.f.worker.CrawlerWorkerApplication    : Started CrawlerWorkerApplication in 12.869 seconds (JVM running for 13.717)
2018-11-08 00:09:08.241  INFO 47634 --- [freshExecutor-0] com.netflix.discovery.DiscoveryClient    : Disable delta property : false
2018-11-08 00:09:08.242  INFO 47634 --- [freshExecutor-0] com.netflix.discovery.DiscoveryClient    : Single vip registry refresh property : null
2018-11-08 00:09:08.242  INFO 47634 --- [freshExecutor-0] com.netflix.discovery.DiscoveryClient    : Force full registry fetch : false
2018-11-08 00:09:08.242  INFO 47634 --- [freshExecutor-0] com.netflix.discovery.DiscoveryClient    : Application is null : false
2018-11-08 00:09:08.242  INFO 47634 --- [freshExecutor-0] com.netflix.discovery.DiscoveryClient    : Registered Applications size is zero : true
2018-11-08 00:09:08.242  INFO 47634 --- [freshExecutor-0] com.netflix.discovery.DiscoveryClient    : Application version is -1: false
2018-11-08 00:09:08.242  INFO 47634 --- [freshExecutor-0] com.netflix.discovery.DiscoveryClient    : Getting all instance registry info from the eureka server
2018-11-08 00:09:08.337  INFO 47634 --- [freshExecutor-0] com.netflix.discovery.DiscoveryClient    : The response status is 200
2018-11-08 00:09:38.792  INFO 47634 --- [-service:8083-1] c.netflix.config.ChainedDynamicProperty  : Flipping property: crawler-service.ribbon.ActiveConnectionsLimit to use NEXT property: niws.loadbalancer.availabilityFilteringRule.activeConnectionsLimit = 2147483647
2018-11-08 00:09:38.808  INFO 47634 --- [-service:8083-1] c.n.u.concurrent.ShutdownEnabledTimer    : Shutdown hook installed for: NFLoadBalancer-PingTimer-crawler-service
2018-11-08 00:09:38.862  INFO 47634 --- [-service:8083-1] c.netflix.loadbalancer.BaseLoadBalancer  : Client: crawler-service instantiated a LoadBalancer: DynamicServerListLoadBalancer:{NFLoadBalancer:name=crawler-service,current list of Servers=[],Load balancer stats=Zone stats: {},Server stats: []}ServerList:null
2018-11-08 00:09:38.880  INFO 47634 --- [-service:8083-1] c.n.l.DynamicServerListLoadBalancer      : Using serverListUpdater PollingServerListUpdater
2018-11-08 00:09:38.925  INFO 47634 --- [-service:8083-1] c.netflix.config.ChainedDynamicProperty  : Flipping property: crawler-service.ribbon.ActiveConnectionsLimit to use NEXT property: niws.loadbalancer.availabilityFilteringRule.activeConnectionsLimit = 2147483647
2018-11-08 00:09:38.928  INFO 47634 --- [-service:8083-1] c.n.l.DynamicServerListLoadBalancer      : DynamicServerListLoadBalancer for client crawler-service initialized: DynamicServerListLoadBalancer:{NFLoadBalancer:name=crawler-service,current list of Servers=[sjcmac733qhtd7.hsd1.ca.comcast.net:8083],Load balancer stats=Zone stats: {defaultzone=[Zone:defaultzone;	Instance count:1;	Active connections count: 0;	Circuit breaker tripped count: 0;	Active connections per server: 0.0;]
},Server stats: [[Server:sjcmac733qhtd7.hsd1.ca.comcast.net:8083;	Zone:defaultZone;	Total Requests:0;	Successive connection failure:0;	Total blackout seconds:0;	Last connection made:Wed Dec 31 16:00:00 PST 1969;	First connection made: Wed Dec 31 16:00:00 PST 1969;	Active Connections:0;	total failure count in last (1000) msecs:0;	average resp time:0.0;	90 percentile resp time:0.0;	95 percentile resp time:0.0;	min resp time:0.0;	max resp time:0.0;	stddev resp time:0.0]
]}ServerList:org.springframework.cloud.netflix.ribbon.eureka.DomainExtractingServerList@49e5b2a9
2018-11-08 00:09:39.890  INFO 47634 --- [erListUpdater-0] c.netflix.config.ChainedDynamicProperty  : Flipping property: crawler-service.ribbon.ActiveConnectionsLimit to use NEXT property: niws.loadbalancer.availabilityFilteringRule.activeConnectionsLimit = 2147483647
2018-11-08 00:09:41.127  INFO 47634 --- [pool-1-thread-1] org.mongodb.driver.connection            : Opened connection [connectionId{localValue:2, serverValue:174}] to localhost:27017
2018-11-08 00:09:55.732  INFO 47634 --- [pool-1-thread-1] c.j.f.w.taskitem.FetchNewSalaryItemTask  : tids have been collected: 9
2018-11-08 00:09:57.094  INFO 47634 --- [TaskExecutor-73] c.j.f.w.t.FetchSalaryPackageDetailTask   : Successfully insert one salary: 233680 with _id: 5be3ef551bed38ba12f937d3 into database
2018-11-08 00:09:57.220  INFO 47634 --- [TaskExecutor-67] c.j.f.w.t.FetchSalaryPackageDetailTask   : Successfully insert one salary: 441194 with _id: 5be3ef551bed38ba12f937d4 into database
2018-11-08 00:09:57.319  INFO 47634 --- [TaskExecutor-72] c.j.f.w.t.FetchSalaryPackageDetailTask   : Successfully insert one salary: 321324 with _id: 5be3ef551bed38ba12f937d5 into database
2018-11-08 00:09:57.506  INFO 47634 --- [TaskExecutor-71] c.j.f.w.t.FetchSalaryPackageDetailTask   : Successfully insert one salary: 366761 with _id: 5be3ef551bed38ba12f937d6 into database
2018-11-08 00:09:57.610  INFO 47634 --- [TaskExecutor-69] c.j.f.w.t.FetchSalaryPackageDetailTask   : Successfully insert one salary: 432371 with _id: 5be3ef551bed38ba12f937d7 into database
2018-11-08 00:09:57.772  INFO 47634 --- [TaskExecutor-64] c.j.f.w.t.FetchSalaryPackageDetailTask   : Successfully insert one salary: 428762 with _id: 5be3ef551bed38ba12f937d8 into database
2018-11-08 00:09:58.244  INFO 47634 --- [TaskExecutor-68] c.j.f.w.t.FetchSalaryPackageDetailTask   : Successfully insert one salary: 432568 with _id: 5be3ef561bed38ba12f937d9 into database
2018-11-08 00:09:58.565  INFO 47634 --- [TaskExecutor-70] c.j.f.w.t.FetchSalaryPackageDetailTask   : Successfully insert one salary: 362963 with _id: 5be3ef561bed38ba12f937da into database
2018-11-08 00:10:00.127  INFO 47634 --- [TaskExecutor-65] c.j.f.w.t.FetchSalaryPackageDetailTask   : Successfully insert one salary: 343403 with _id: 5be3ef581bed38ba12f937db into database
2018-11-08 00:10:00.127  INFO 47634 --- [pool-1-thread-1] c.j.f.w.taskitem.FetchNewSalaryItemTask  : Scheduled Job is finished
2018-11-08 00:13:38.069  INFO 47634 --- [trap-executor-0] c.n.d.s.r.aws.ConfigClusterResolver      : Resolving eureka endpoints via configuration
2018-11-08 00:17:01.185  INFO 47634 --- [      Thread-12] c.n.l.PollingServerListUpdater           : Shutting down the Executor Pool for PollingServerListUpdater
2018-11-08 00:17:01.190  INFO 47634 --- [       Thread-8] o.s.c.n.e.s.EurekaServiceRegistry        : Unregistering application CRAWLER-WORKER with eureka with status DOWN
2018-11-08 00:17:01.219  INFO 47634 --- [       Thread-8] o.s.s.concurrent.ThreadPoolTaskExecutor  : Shutting down ExecutorService 'getThreadPoolTaskExecutor'
2018-11-08 00:17:01.227  INFO 47634 --- [       Thread-8] c.n.u.concurrent.ShutdownEnabledTimer    : Shutdown hook removed for: NFLoadBalancer-PingTimer-crawler-service
2018-11-08 00:17:01.232  INFO 47634 --- [       Thread-8] c.n.u.concurrent.ShutdownEnabledTimer    : Exception caught (might be ok if at shutdown)

java.lang.IllegalStateException: Shutdown in progress
	at java.lang.ApplicationShutdownHooks.remove(ApplicationShutdownHooks.java:82) ~[na:1.8.0_152]
	at java.lang.Runtime.removeShutdownHook(Runtime.java:239) ~[na:1.8.0_152]
	at com.netflix.util.concurrent.ShutdownEnabledTimer.cancel(ShutdownEnabledTimer.java:70) ~[netflix-commons-util-0.1.1.jar!/:na]
	at com.netflix.loadbalancer.BaseLoadBalancer.cancelPingTask(BaseLoadBalancer.java:613) [ribbon-loadbalancer-2.2.5.jar!/:2.2.5]
	at com.netflix.loadbalancer.BaseLoadBalancer.shutdown(BaseLoadBalancer.java:864) [ribbon-loadbalancer-2.2.5.jar!/:2.2.5]
	at com.netflix.loadbalancer.DynamicServerListLoadBalancer.shutdown(DynamicServerListLoadBalancer.java:285) [ribbon-loadbalancer-2.2.5.jar!/:2.2.5]
	at sun.reflect.NativeMethodAccessorImpl.invoke0(Native Method) ~[na:1.8.0_152]
	at sun.reflect.NativeMethodAccessorImpl.invoke(NativeMethodAccessorImpl.java:62) ~[na:1.8.0_152]
	at sun.reflect.DelegatingMethodAccessorImpl.invoke(DelegatingMethodAccessorImpl.java:43) ~[na:1.8.0_152]
	at java.lang.reflect.Method.invoke(Method.java:498) ~[na:1.8.0_152]
	at org.springframework.beans.factory.support.DisposableBeanAdapter.invokeCustomDestroyMethod(DisposableBeanAdapter.java:337) [spring-beans-5.1.2.RELEASE.jar!/:5.1.2.RELEASE]
	at org.springframework.beans.factory.support.DisposableBeanAdapter.destroy(DisposableBeanAdapter.java:271) [spring-beans-5.1.2.RELEASE.jar!/:5.1.2.RELEASE]
	at org.springframework.beans.factory.support.DefaultSingletonBeanRegistry.destroyBean(DefaultSingletonBeanRegistry.java:571) [spring-beans-5.1.2.RELEASE.jar!/:5.1.2.RELEASE]
	at org.springframework.beans.factory.support.DefaultSingletonBeanRegistry.destroySingleton(DefaultSingletonBeanRegistry.java:543) [spring-beans-5.1.2.RELEASE.jar!/:5.1.2.RELEASE]
	at org.springframework.beans.factory.support.DefaultListableBeanFactory.destroySingleton(DefaultListableBeanFactory.java:1052) [spring-beans-5.1.2.RELEASE.jar!/:5.1.2.RELEASE]
	at org.springframework.beans.factory.support.DefaultSingletonBeanRegistry.destroySingletons(DefaultSingletonBeanRegistry.java:504) [spring-beans-5.1.2.RELEASE.jar!/:5.1.2.RELEASE]
	at org.springframework.beans.factory.support.DefaultListableBeanFactory.destroySingletons(DefaultListableBeanFactory.java:1059) [spring-beans-5.1.2.RELEASE.jar!/:5.1.2.RELEASE]
	at org.springframework.context.support.AbstractApplicationContext.destroyBeans(AbstractApplicationContext.java:1035) [spring-context-5.1.2.RELEASE.jar!/:5.1.2.RELEASE]
	at org.springframework.context.support.AbstractApplicationContext.doClose(AbstractApplicationContext.java:1011) [spring-context-5.1.2.RELEASE.jar!/:5.1.2.RELEASE]
	at org.springframework.context.support.AbstractApplicationContext.close(AbstractApplicationContext.java:961) [spring-context-5.1.2.RELEASE.jar!/:5.1.2.RELEASE]
	at org.springframework.cloud.context.named.NamedContextFactory.destroy(NamedContextFactory.java:76) [spring-cloud-context-2.0.2.RELEASE.jar!/:2.0.2.RELEASE]
	at org.springframework.beans.factory.support.DisposableBeanAdapter.destroy(DisposableBeanAdapter.java:256) [spring-beans-5.1.2.RELEASE.jar!/:5.1.2.RELEASE]
	at org.springframework.beans.factory.support.DefaultSingletonBeanRegistry.destroyBean(DefaultSingletonBeanRegistry.java:571) [spring-beans-5.1.2.RELEASE.jar!/:5.1.2.RELEASE]
	at org.springframework.beans.factory.support.DefaultSingletonBeanRegistry.destroySingleton(DefaultSingletonBeanRegistry.java:543) [spring-beans-5.1.2.RELEASE.jar!/:5.1.2.RELEASE]
	at org.springframework.beans.factory.support.DefaultListableBeanFactory.destroySingleton(DefaultListableBeanFactory.java:1052) [spring-beans-5.1.2.RELEASE.jar!/:5.1.2.RELEASE]
	at org.springframework.beans.factory.support.DefaultSingletonBeanRegistry.destroySingletons(DefaultSingletonBeanRegistry.java:504) [spring-beans-5.1.2.RELEASE.jar!/:5.1.2.RELEASE]
	at org.springframework.beans.factory.support.DefaultListableBeanFactory.destroySingletons(DefaultListableBeanFactory.java:1059) [spring-beans-5.1.2.RELEASE.jar!/:5.1.2.RELEASE]
	at org.springframework.context.support.AbstractApplicationContext.destroyBeans(AbstractApplicationContext.java:1035) [spring-context-5.1.2.RELEASE.jar!/:5.1.2.RELEASE]
	at org.springframework.context.support.AbstractApplicationContext.doClose(AbstractApplicationContext.java:1011) [spring-context-5.1.2.RELEASE.jar!/:5.1.2.RELEASE]
	at org.springframework.context.support.AbstractApplicationContext$1.run(AbstractApplicationContext.java:931) [spring-context-5.1.2.RELEASE.jar!/:5.1.2.RELEASE]

2018-11-08 00:17:01.241  INFO 47634 --- [       Thread-8] org.mongodb.driver.connection            : Closed connection [connectionId{localValue:2, serverValue:174}] to localhost:27017 because the pool has been closed.
2018-11-08 00:17:01.247  INFO 47634 --- [       Thread-8] com.netflix.discovery.DiscoveryClient    : Shutting down DiscoveryClient ...
2018-11-08 00:17:01.259  INFO 47634 --- [       Thread-8] com.netflix.discovery.DiscoveryClient    : Completed shut down of DiscoveryClient
