2018-11-08 00:08:16.653  INFO 47208 --- [           main] s.c.a.AnnotationConfigApplicationContext : Refreshing org.springframework.context.annotation.AnnotationConfigApplicationContext@1888ff2c: startup date [Thu Nov 08 00:08:16 PST 2018]; root of context hierarchy
2018-11-08 00:08:16.981  INFO 47208 --- [           main] f.a.AutowiredAnnotationBeanPostProcessor : JSR-330 'javax.inject.Inject' annotation found and supported for autowiring
2018-11-08 00:08:17.027  INFO 47208 --- [           main] trationDelegate$BeanPostProcessorChecker : Bean 'configurationPropertiesRebinderAutoConfiguration' of type [org.springframework.cloud.autoconfigure.ConfigurationPropertiesRebinderAutoConfiguration$$EnhancerBySpringCGLIB$$35e033de] is not eligible for getting processed by all BeanPostProcessors (for example: not eligible for auto-proxying)

  .   ____          _            __ _ _
 /\\ / ___'_ __ _ _(_)_ __  __ _ \ \ \ \
( ( )\___ | '_ | '_| | '_ \/ _` | \ \ \ \
 \\/  ___)| |_)| | | | | || (_| |  ) ) ) )
  '  |____| .__|_| |_|_| |_\__, | / / / /
 =========|_|==============|___/=/_/_/_/
 :: Spring Boot ::        (v2.0.6.RELEASE)

2018-11-08 00:08:17.338  INFO 47208 --- [           main] c.j.f.discovery.EurekaServerApplication  : No active profile set, falling back to default profiles: default
2018-11-08 00:08:17.357  INFO 47208 --- [           main] ConfigServletWebServerApplicationContext : Refreshing org.springframework.boot.web.servlet.context.AnnotationConfigServletWebServerApplicationContext@cb644e: startup date [Thu Nov 08 00:08:17 PST 2018]; parent: org.springframework.context.annotation.AnnotationConfigApplicationContext@1888ff2c
2018-11-08 00:08:18.630  INFO 47208 --- [           main] o.s.cloud.context.scope.GenericScope     : BeanFactory id=4b8ac506-1e65-3eab-8c23-40d5d5c33c0f
2018-11-08 00:08:18.654  INFO 47208 --- [           main] f.a.AutowiredAnnotationBeanPostProcessor : JSR-330 'javax.inject.Inject' annotation found and supported for autowiring
2018-11-08 00:08:18.799  INFO 47208 --- [           main] trationDelegate$BeanPostProcessorChecker : Bean 'org.springframework.cloud.autoconfigure.ConfigurationPropertiesRebinderAutoConfiguration' of type [org.springframework.cloud.autoconfigure.ConfigurationPropertiesRebinderAutoConfiguration$$EnhancerBySpringCGLIB$$35e033de] is not eligible for getting processed by all BeanPostProcessors (for example: not eligible for auto-proxying)
2018-11-08 00:08:19.549  INFO 47208 --- [           main] o.s.b.w.embedded.tomcat.TomcatWebServer  : Tomcat initialized with port(s): 8761 (http)
2018-11-08 00:08:19.597  INFO 47208 --- [           main] o.apache.catalina.core.StandardService   : Starting service [Tomcat]
2018-11-08 00:08:19.597  INFO 47208 --- [           main] org.apache.catalina.core.StandardEngine  : Starting Servlet Engine: Apache Tomcat/8.5.34
2018-11-08 00:08:19.611  INFO 47208 --- [ost-startStop-1] o.a.catalina.core.AprLifecycleListener   : The APR based Apache Tomcat Native library which allows optimal performance in production environments was not found on the java.library.path: [/Users/jerxie/Library/Java/Extensions:/Library/Java/Extensions:/Network/Library/Java/Extensions:/System/Library/Java/Extensions:/usr/lib/java:.]
2018-11-08 00:08:19.719  INFO 47208 --- [ost-startStop-1] o.a.c.c.C.[Tomcat].[localhost].[/]       : Initializing Spring embedded WebApplicationContext
2018-11-08 00:08:19.720  INFO 47208 --- [ost-startStop-1] o.s.web.context.ContextLoader            : Root WebApplicationContext: initialization completed in 2363 ms
2018-11-08 00:08:19.997  WARN 47208 --- [ost-startStop-1] c.n.c.sources.URLConfigurationSource     : No URLs will be polled as dynamic configuration sources.
2018-11-08 00:08:19.997  INFO 47208 --- [ost-startStop-1] c.n.c.sources.URLConfigurationSource     : To enable URLs as dynamic configuration sources, define System property archaius.configurationSource.additionalUrls or make config.properties available on classpath.
2018-11-08 00:08:20.015  INFO 47208 --- [ost-startStop-1] c.netflix.config.DynamicPropertyFactory  : DynamicPropertyFactory is initialized with configuration sources: com.netflix.config.ConcurrentCompositeConfiguration@37a45a49
2018-11-08 00:08:21.285  INFO 47208 --- [ost-startStop-1] o.s.b.w.servlet.FilterRegistrationBean   : Mapping filter: 'characterEncodingFilter' to: [/*]
2018-11-08 00:08:21.286  INFO 47208 --- [ost-startStop-1] o.s.b.w.servlet.FilterRegistrationBean   : Mapping filter: 'webMvcMetricsFilter' to: [/*]
2018-11-08 00:08:21.286  INFO 47208 --- [ost-startStop-1] o.s.b.w.servlet.FilterRegistrationBean   : Mapping filter: 'hiddenHttpMethodFilter' to: [/*]
2018-11-08 00:08:21.286  INFO 47208 --- [ost-startStop-1] o.s.b.w.servlet.FilterRegistrationBean   : Mapping filter: 'httpPutFormContentFilter' to: [/*]
2018-11-08 00:08:21.286  INFO 47208 --- [ost-startStop-1] o.s.b.w.servlet.FilterRegistrationBean   : Mapping filter: 'requestContextFilter' to: [/*]
2018-11-08 00:08:21.286  INFO 47208 --- [ost-startStop-1] o.s.b.w.servlet.FilterRegistrationBean   : Mapping filter: 'httpTraceFilter' to: [/*]
2018-11-08 00:08:21.286  INFO 47208 --- [ost-startStop-1] o.s.b.w.servlet.FilterRegistrationBean   : Mapping filter: 'servletContainer' to urls: [/eureka/*]
2018-11-08 00:08:21.286  INFO 47208 --- [ost-startStop-1] o.s.b.w.servlet.ServletRegistrationBean  : Servlet dispatcherServlet mapped to [/]
2018-11-08 00:08:21.394  INFO 47208 --- [ost-startStop-1] c.s.j.s.i.a.WebApplicationImpl           : Initiating Jersey application, version 'Jersey: 1.19.1 03/11/2016 02:08 PM'
2018-11-08 00:08:21.476  INFO 47208 --- [ost-startStop-1] c.n.d.provider.DiscoveryJerseyProvider   : Using JSON encoding codec LegacyJacksonJson
2018-11-08 00:08:21.477  INFO 47208 --- [ost-startStop-1] c.n.d.provider.DiscoveryJerseyProvider   : Using JSON decoding codec LegacyJacksonJson
2018-11-08 00:08:21.653  INFO 47208 --- [ost-startStop-1] c.n.d.provider.DiscoveryJerseyProvider   : Using XML encoding codec XStreamXml
2018-11-08 00:08:21.653  INFO 47208 --- [ost-startStop-1] c.n.d.provider.DiscoveryJerseyProvider   : Using XML decoding codec XStreamXml
2018-11-08 00:08:22.077  WARN 47208 --- [           main] c.n.c.sources.URLConfigurationSource     : No URLs will be polled as dynamic configuration sources.
2018-11-08 00:08:22.077  INFO 47208 --- [           main] c.n.c.sources.URLConfigurationSource     : To enable URLs as dynamic configuration sources, define System property archaius.configurationSource.additionalUrls or make config.properties available on classpath.
2018-11-08 00:08:22.170  INFO 47208 --- [           main] o.s.w.s.handler.SimpleUrlHandlerMapping  : Mapped URL path [/**/favicon.ico] onto handler of type [class org.springframework.web.servlet.resource.ResourceHttpRequestHandler]
2018-11-08 00:08:22.389  INFO 47208 --- [           main] s.w.s.m.m.a.RequestMappingHandlerAdapter : Looking for @ControllerAdvice: org.springframework.boot.web.servlet.context.AnnotationConfigServletWebServerApplicationContext@cb644e: startup date [Thu Nov 08 00:08:17 PST 2018]; parent: org.springframework.context.annotation.AnnotationConfigApplicationContext@1888ff2c
2018-11-08 00:08:22.462  INFO 47208 --- [           main] s.w.s.m.m.a.RequestMappingHandlerMapping : Mapped "{[/error]}" onto public org.springframework.http.ResponseEntity<java.util.Map<java.lang.String, java.lang.Object>> org.springframework.boot.autoconfigure.web.servlet.error.BasicErrorController.error(javax.servlet.http.HttpServletRequest)
2018-11-08 00:08:22.463  INFO 47208 --- [           main] s.w.s.m.m.a.RequestMappingHandlerMapping : Mapped "{[/error],produces=[text/html]}" onto public org.springframework.web.servlet.ModelAndView org.springframework.boot.autoconfigure.web.servlet.error.BasicErrorController.errorHtml(javax.servlet.http.HttpServletRequest,javax.servlet.http.HttpServletResponse)
2018-11-08 00:08:22.469  INFO 47208 --- [           main] s.w.s.m.m.a.RequestMappingHandlerMapping : Mapped "{[/],methods=[GET]}" onto public java.lang.String org.springframework.cloud.netflix.eureka.server.EurekaController.status(javax.servlet.http.HttpServletRequest,java.util.Map<java.lang.String, java.lang.Object>)
2018-11-08 00:08:22.469  INFO 47208 --- [           main] s.w.s.m.m.a.RequestMappingHandlerMapping : Mapped "{[/lastn],methods=[GET]}" onto public java.lang.String org.springframework.cloud.netflix.eureka.server.EurekaController.lastn(javax.servlet.http.HttpServletRequest,java.util.Map<java.lang.String, java.lang.Object>)
2018-11-08 00:08:22.499  INFO 47208 --- [           main] o.s.w.s.handler.SimpleUrlHandlerMapping  : Mapped URL path [/webjars/**] onto handler of type [class org.springframework.web.servlet.resource.ResourceHttpRequestHandler]
2018-11-08 00:08:22.499  INFO 47208 --- [           main] o.s.w.s.handler.SimpleUrlHandlerMapping  : Mapped URL path [/**] onto handler of type [class org.springframework.web.servlet.resource.ResourceHttpRequestHandler]
2018-11-08 00:08:23.086  INFO 47208 --- [           main] o.s.ui.freemarker.SpringTemplateLoader   : SpringTemplateLoader for FreeMarker: using resource loader [org.springframework.boot.web.servlet.context.AnnotationConfigServletWebServerApplicationContext@cb644e: startup date [Thu Nov 08 00:08:17 PST 2018]; parent: org.springframework.context.annotation.AnnotationConfigApplicationContext@1888ff2c] and template loader path [classpath:/templates/]
2018-11-08 00:08:23.087  INFO 47208 --- [           main] o.s.w.s.v.f.FreeMarkerConfigurer         : ClassTemplateLoader for Spring macros added to FreeMarker configuration
2018-11-08 00:08:23.338  INFO 47208 --- [           main] o.s.c.n.eureka.InstanceInfoFactory       : Setting initial instance status as: STARTING
2018-11-08 00:08:23.395  INFO 47208 --- [           main] com.netflix.discovery.DiscoveryClient    : Initializing Eureka in region us-east-1
2018-11-08 00:08:23.396  INFO 47208 --- [           main] com.netflix.discovery.DiscoveryClient    : Client configured to neither register nor query for data.
2018-11-08 00:08:23.407  INFO 47208 --- [           main] com.netflix.discovery.DiscoveryClient    : Discovery Client initialized at timestamp 1541664503406 with initial instances count: 0
2018-11-08 00:08:23.478  INFO 47208 --- [           main] c.n.eureka.DefaultEurekaServerContext    : Initializing ...
2018-11-08 00:08:23.482  INFO 47208 --- [           main] c.n.eureka.cluster.PeerEurekaNodes       : Adding new peer nodes [http://localhost:8761/eureka/]
2018-11-08 00:08:23.737  INFO 47208 --- [           main] c.n.d.provider.DiscoveryJerseyProvider   : Using JSON encoding codec LegacyJacksonJson
2018-11-08 00:08:23.737  INFO 47208 --- [           main] c.n.d.provider.DiscoveryJerseyProvider   : Using JSON decoding codec LegacyJacksonJson
2018-11-08 00:08:23.737  INFO 47208 --- [           main] c.n.d.provider.DiscoveryJerseyProvider   : Using XML encoding codec XStreamXml
2018-11-08 00:08:23.738  INFO 47208 --- [           main] c.n.d.provider.DiscoveryJerseyProvider   : Using XML decoding codec XStreamXml
2018-11-08 00:08:23.893  INFO 47208 --- [           main] c.n.eureka.cluster.PeerEurekaNodes       : Replica node URL:  http://localhost:8761/eureka/
2018-11-08 00:08:23.902  INFO 47208 --- [           main] c.n.e.registry.AbstractInstanceRegistry  : Finished initializing remote region registries. All known remote regions: []
2018-11-08 00:08:23.903  INFO 47208 --- [           main] c.n.eureka.DefaultEurekaServerContext    : Initialized
2018-11-08 00:08:23.927  INFO 47208 --- [           main] o.s.b.a.e.web.EndpointLinksResolver      : Exposing 2 endpoint(s) beneath base path '/actuator'
2018-11-08 00:08:23.942  INFO 47208 --- [           main] s.b.a.e.w.s.WebMvcEndpointHandlerMapping : Mapped "{[/actuator/health],methods=[GET],produces=[application/vnd.spring-boot.actuator.v2+json || application/json]}" onto public java.lang.Object org.springframework.boot.actuate.endpoint.web.servlet.AbstractWebMvcEndpointHandlerMapping$OperationHandler.handle(javax.servlet.http.HttpServletRequest,java.util.Map<java.lang.String, java.lang.String>)
2018-11-08 00:08:23.943  INFO 47208 --- [           main] s.b.a.e.w.s.WebMvcEndpointHandlerMapping : Mapped "{[/actuator/info],methods=[GET],produces=[application/vnd.spring-boot.actuator.v2+json || application/json]}" onto public java.lang.Object org.springframework.boot.actuate.endpoint.web.servlet.AbstractWebMvcEndpointHandlerMapping$OperationHandler.handle(javax.servlet.http.HttpServletRequest,java.util.Map<java.lang.String, java.lang.String>)
2018-11-08 00:08:23.944  INFO 47208 --- [           main] s.b.a.e.w.s.WebMvcEndpointHandlerMapping : Mapped "{[/actuator],methods=[GET],produces=[application/vnd.spring-boot.actuator.v2+json || application/json]}" onto protected java.util.Map<java.lang.String, java.util.Map<java.lang.String, org.springframework.boot.actuate.endpoint.web.Link>> org.springframework.boot.actuate.endpoint.web.servlet.WebMvcEndpointHandlerMapping.links(javax.servlet.http.HttpServletRequest,javax.servlet.http.HttpServletResponse)
2018-11-08 00:08:23.995  INFO 47208 --- [           main] o.s.j.e.a.AnnotationMBeanExporter        : Registering beans for JMX exposure on startup
2018-11-08 00:08:24.004  INFO 47208 --- [           main] o.s.j.e.a.AnnotationMBeanExporter        : Bean with name 'environmentManager' has been autodetected for JMX exposure
2018-11-08 00:08:24.005  INFO 47208 --- [           main] o.s.j.e.a.AnnotationMBeanExporter        : Bean with name 'refreshScope' has been autodetected for JMX exposure
2018-11-08 00:08:24.005  INFO 47208 --- [           main] o.s.j.e.a.AnnotationMBeanExporter        : Bean with name 'configurationPropertiesRebinder' has been autodetected for JMX exposure
2018-11-08 00:08:24.008  INFO 47208 --- [           main] o.s.j.e.a.AnnotationMBeanExporter        : Located managed bean 'environmentManager': registering with JMX server as MBean [org.springframework.cloud.context.environment:name=environmentManager,type=EnvironmentManager]
2018-11-08 00:08:24.018  INFO 47208 --- [           main] o.s.j.e.a.AnnotationMBeanExporter        : Located managed bean 'refreshScope': registering with JMX server as MBean [org.springframework.cloud.context.scope.refresh:name=refreshScope,type=RefreshScope]
2018-11-08 00:08:24.030  INFO 47208 --- [           main] o.s.j.e.a.AnnotationMBeanExporter        : Located managed bean 'configurationPropertiesRebinder': registering with JMX server as MBean [org.springframework.cloud.context.properties:name=configurationPropertiesRebinder,context=cb644e,type=ConfigurationPropertiesRebinder]
2018-11-08 00:08:24.041  INFO 47208 --- [           main] o.s.c.support.DefaultLifecycleProcessor  : Starting beans in phase 0
2018-11-08 00:08:24.046  INFO 47208 --- [           main] o.s.c.n.e.s.EurekaServiceRegistry        : Registering application EUREKA-SERVER with eureka with status UP
2018-11-08 00:08:24.049  INFO 47208 --- [      Thread-13] o.s.c.n.e.server.EurekaServerBootstrap   : Setting the eureka configuration..
2018-11-08 00:08:24.050  INFO 47208 --- [      Thread-13] o.s.c.n.e.server.EurekaServerBootstrap   : Eureka data center value eureka.datacenter is not set, defaulting to default
2018-11-08 00:08:24.050  INFO 47208 --- [      Thread-13] o.s.c.n.e.server.EurekaServerBootstrap   : Eureka environment value eureka.environment is not set, defaulting to test
2018-11-08 00:08:24.066  INFO 47208 --- [      Thread-13] o.s.c.n.e.server.EurekaServerBootstrap   : isAws returned false
2018-11-08 00:08:24.067  INFO 47208 --- [      Thread-13] o.s.c.n.e.server.EurekaServerBootstrap   : Initialized server context
2018-11-08 00:08:24.067  INFO 47208 --- [      Thread-13] c.n.e.r.PeerAwareInstanceRegistryImpl    : Got 1 instances from neighboring DS node
2018-11-08 00:08:24.067  INFO 47208 --- [      Thread-13] c.n.e.r.PeerAwareInstanceRegistryImpl    : Renew threshold is: 1
2018-11-08 00:08:24.067  INFO 47208 --- [      Thread-13] c.n.e.r.PeerAwareInstanceRegistryImpl    : Changing status to UP
2018-11-08 00:08:24.078  INFO 47208 --- [      Thread-13] e.s.EurekaServerInitializerConfiguration : Started Eureka Server
2018-11-08 00:08:24.105  INFO 47208 --- [           main] o.s.b.w.embedded.tomcat.TomcatWebServer  : Tomcat started on port(s): 8761 (http) with context path ''
2018-11-08 00:08:24.106  INFO 47208 --- [           main] .s.c.n.e.s.EurekaAutoServiceRegistration : Updating port to 8761
2018-11-08 00:08:24.109  INFO 47208 --- [           main] c.j.f.discovery.EurekaServerApplication  : Started EurekaServerApplication in 8.001 seconds (JVM running for 8.71)
2018-11-08 00:08:24.195  INFO 47208 --- [nio-8761-exec-1] o.a.c.c.C.[Tomcat].[localhost].[/]       : Initializing Spring FrameworkServlet 'dispatcherServlet'
2018-11-08 00:08:24.195  INFO 47208 --- [nio-8761-exec-1] o.s.web.servlet.DispatcherServlet        : FrameworkServlet 'dispatcherServlet': initialization started
2018-11-08 00:08:24.216  INFO 47208 --- [nio-8761-exec-1] o.s.web.servlet.DispatcherServlet        : FrameworkServlet 'dispatcherServlet': initialization completed in 21 ms
2018-11-08 00:08:36.322  INFO 47208 --- [nio-8761-exec-3] c.n.e.registry.AbstractInstanceRegistry  : Registered instance CRAWLER-SERVICE/sjcmac733qhtd7.hsd1.ca.comcast.net:CRAWLER-SERVICE:8083 with status UP (replication=false)
2018-11-08 00:08:37.038  INFO 47208 --- [nio-8761-exec-4] c.n.e.registry.AbstractInstanceRegistry  : Registered instance CRAWLER-SERVICE/sjcmac733qhtd7.hsd1.ca.comcast.net:CRAWLER-SERVICE:8083 with status UP (replication=true)
2018-11-08 00:09:24.072  INFO 47208 --- [a-EvictionTimer] c.n.e.registry.AbstractInstanceRegistry  : Running the evict task with compensationTime 0ms
2018-11-08 00:10:24.072  INFO 47208 --- [a-EvictionTimer] c.n.e.registry.AbstractInstanceRegistry  : Running the evict task with compensationTime 0ms
2018-11-08 00:11:24.077  INFO 47208 --- [a-EvictionTimer] c.n.e.registry.AbstractInstanceRegistry  : Running the evict task with compensationTime 5ms
2018-11-08 00:12:24.077  INFO 47208 --- [a-EvictionTimer] c.n.e.registry.AbstractInstanceRegistry  : Running the evict task with compensationTime 0ms
2018-11-08 00:13:24.080  INFO 47208 --- [a-EvictionTimer] c.n.e.registry.AbstractInstanceRegistry  : Running the evict task with compensationTime 3ms
2018-11-08 00:14:24.084  INFO 47208 --- [a-EvictionTimer] c.n.e.registry.AbstractInstanceRegistry  : Running the evict task with compensationTime 4ms
2018-11-08 00:15:24.084  INFO 47208 --- [a-EvictionTimer] c.n.e.registry.AbstractInstanceRegistry  : Running the evict task with compensationTime 0ms
2018-11-08 00:16:24.087  INFO 47208 --- [a-EvictionTimer] c.n.e.registry.AbstractInstanceRegistry  : Running the evict task with compensationTime 3ms
2018-11-08 00:17:01.186  INFO 47208 --- [      Thread-15] ConfigServletWebServerApplicationContext : Closing org.springframework.boot.web.servlet.context.AnnotationConfigServletWebServerApplicationContext@cb644e: startup date [Thu Nov 08 00:08:17 PST 2018]; parent: org.springframework.context.annotation.AnnotationConfigApplicationContext@1888ff2c
2018-11-08 00:17:01.190  INFO 47208 --- [      Thread-15] o.s.c.n.e.s.EurekaServiceRegistry        : Unregistering application EUREKA-SERVER with eureka with status DOWN
2018-11-08 00:17:01.199  INFO 47208 --- [nio-8761-exec-1] c.n.e.registry.AbstractInstanceRegistry  : Registered instance CRAWLER-SERVICE/sjcmac733qhtd7.hsd1.ca.comcast.net:CRAWLER-SERVICE:8083 with status DOWN (replication=false)
2018-11-08 00:17:01.204  INFO 47208 --- [      Thread-15] o.s.c.support.DefaultLifecycleProcessor  : Stopping beans in phase 0
2018-11-08 00:17:01.207  INFO 47208 --- [      Thread-15] c.n.eureka.DefaultEurekaServerContext    : Shutting down ...
2018-11-08 00:17:01.216  INFO 47208 --- [      Thread-15] c.n.eureka.DefaultEurekaServerContext    : Shut down
2018-11-08 00:17:01.220  INFO 47208 --- [      Thread-15] o.s.j.e.a.AnnotationMBeanExporter        : Unregistering JMX-exposed beans on shutdown
2018-11-08 00:17:01.222  INFO 47208 --- [      Thread-15] o.s.j.e.a.AnnotationMBeanExporter        : Unregistering JMX-exposed beans
2018-11-08 00:17:01.234  INFO 47208 --- [      Thread-15] com.netflix.discovery.DiscoveryClient    : Shutting down DiscoveryClient ...
2018-11-08 00:17:01.234  INFO 47208 --- [      Thread-15] com.netflix.discovery.DiscoveryClient    : Completed shut down of DiscoveryClient
